#
# A fatal error has been detected by the Java Runtime Environment:
#
#  EXCEPTION_ACCESS_VIOLATION (0xc0000005) at pc=0x0000025151f9c24f, pid=2968, tid=14928
#
# JRE version: OpenJDK Runtime Environment AdoptOpenJDK (11.0.9+11) (build 11.0.9+11)
# Java VM: OpenJDK 64-Bit Server VM AdoptOpenJDK (11.0.9+11, mixed mode, tiered, compressed oops, g1 gc, windows-amd64)
# Problematic frame:
# j  ensyu07_27.Ensyu07_27.main([Ljava/lang/String;)V+114 ensyu07_27
#
# No core dump will be written. Minidumps are not enabled by default on client versions of Windows
#
# If you would like to submit a bug report, please visit:
#   https://github.com/AdoptOpenJDK/openjdk-support/issues
#

---------------  S U M M A R Y ------------

Command Line: -agentlib:jdwp=transport=dt_socket,suspend=y,address=localhost:57051 -javaagent:C:\pleiades\eclipse\configuration\org.eclipse.osgi\405\0\.cp\lib\javaagent-shaded.jar -Dfile.encoding=UTF-8 --module-path=C:\repository\meikai_java_shidana\ensyu07_27\bin -Djdk.module.main=ensyu07_27 ensyu07_27/ensyu07_27.Ensyu07_27

Host: Intel(R) Core(TM) i7-4810MQ CPU @ 2.80GHz, 8 cores, 15G,  Windows 10 , 64 bit Build 19041 (10.0.19041.1503)
Time: Wed Mar  9 11:58:30 2022 “Œ‹ž (•W€Žž) elapsed time: 469.989362 seconds (0d 0h 7m 49s)

---------------  T H R E A D  ---------------

Current thread (0x0000025148060000):  JavaThread "main" [_thread_in_Java, id=14928, stack(0x0000007377d00000,0x0000007377e00000)]

Stack: [0x0000007377d00000,0x0000007377e00000],  sp=0x0000007377dff748,  free space=1021k
Native frames: (J=compiled Java code, j=interpreted, Vv=VM code, C=native code)
C  0x0000025151f9c24f


siginfo: EXCEPTION_ACCESS_VIOLATION (0xc0000005), reading address 0x000002516f3ee238


Register to memory mapping:

RIP=0x0000025151f9c24f is at code_begin+79 in an Interpreter codelet
invokestatic  184 invokestatic  [0x0000025151f9c200, 0x0000025151f9c5a0]  928 bytes
RAX=0x0 is NULL
RBX=0x00000000000000b8 is an unknown value
RCX=0x000002516f25a018 is pointing into metadata
RDX=0x0000000000032840 is an unknown value
RSP=0x0000007377dff748 is pointing into the stack for thread: 0x0000025148060000
RBP=0x0000007377dff7a8 is pointing into the stack for thread: 0x0000025148060000
RSI=0x0000000000000002 is an unknown value
RDI=0x0000025151f7c8ec is at code_begin+7500 in an Interpreter codelet
invoke return entry points  [0x0000025151f7aba0, 0x0000025151f7cc00]  8288 bytes
R8 =0x0000000000000008 is an unknown value
R9 =0x0000000000000002 is an unknown value
R10=0x00007ffc648867d0 jvm.dll
R11=0x0000007377dff710 is pointing into the stack for thread: 0x0000025148060000
R12=0x0 is NULL
R13=0x000002516f259f12 is pointing into metadata
R14=0x0000007377dff7d0 is pointing into the stack for thread: 0x0000025148060000
R15=0x0000025148060000 is a thread


Registers:
RAX=0x0000000000000000, RBX=0x00000000000000b8, RCX=0x000002516f25a018, RDX=0x0000000000032840
RSP=0x0000007377dff748, RBP=0x0000007377dff7a8, RSI=0x0000000000000002, RDI=0x0000025151f7c8ec
R8 =0x0000000000000008, R9 =0x0000000000000002, R10=0x00007ffc648867d0, R11=0x0000007377dff710
R12=0x0000000000000000, R13=0x000002516f259f12, R14=0x0000007377dff7d0, R15=0x0000025148060000
RIP=0x0000025151f9c24f, EFLAGS=0x0000000000010202

Top of Stack: (sp=0x0000007377dff748)
0x0000007377dff748:   000000071519fb10 000000071519eea0
0x0000007377dff758:   000000071519ee48 0000007377dff760
0x0000007377dff768:   000002516f259f12 0000007377dff7d0
0x0000007377dff778:   000002516f25a018 0000000000000000
0x0000007377dff788:   00000007152ad720 000002516f259f80
0x0000007377dff798:   0000000000000000 0000007377dff7d0
0x0000007377dff7a8:   0000007377dff9b0 0000025151f70c90
0x0000007377dff7b8:   000000071519fb10 000000071519eea0
0x0000007377dff7c8:   000000071519ee48 00000007152af130
0x0000007377dff7d8:   0000000000000019 0000000000000000
0x0000007377dff7e8:   0000000000000000 0000000000000000
0x0000007377dff7f8:   0000000000000000 0000000000000000
0x0000007377dff808:   0000000000000000 0000000000000000
0x0000007377dff818:   0000000000000000 0000000000000000
0x0000007377dff828:   0000000000000000 0000000000000000
0x0000007377dff838:   0000000000000000 0000000000000000 

Instructions: (pc=0x0000025151f9c24f)
0x0000025151f9c14f:   33 e4 4c 33 68 08 49 f7 c5 fc ff ff ff 74 38 49
0x0000025151f9c15f:   f7 c5 02 00 00 00 75 2f 48 81 78 08 00 00 00 00
0x0000025151f9c16f:   74 21 48 81 78 08 01 00 00 00 74 17 4c 33 68 08
0x0000025151f9c17f:   49 f7 c5 fc ff ff ff 74 0e 48 81 48 08 02 00 00
0x0000025151f9c18f:   00 eb 04 4c 89 68 08 48 83 c0 10 4c 8b 68 d8 41
0x0000025151f9c19f:   83 ed 04 41 c1 e5 03 49 03 c5 48 89 45 d8 4c 8d
0x0000025151f9c1af:   6c 24 08 4c 89 6d f0 41 80 bf 98 04 00 00 00 74
0x0000025151f9c1bf:   03 ff 63 30 ff 63 48 66 90 00 00 00 00 00 00 00
0x0000025151f9c1cf:   00 00 00 00 00 00 00 00 00 00 00 00 00 00 00 00
0x0000025151f9c1df:   00 c0 03 00 00 00 00 00 00 50 aa 63 64 fc 7f 00
0x0000025151f9c1ef:   00 b8 00 00 00 00 00 00 00 00 00 00 00 00 00 00
0x0000025151f9c1ff:   00 50 e9 39 00 00 00 48 83 ec 08 c5 fa 11 04 24
0x0000025151f9c20f:   e9 2b 00 00 00 48 83 ec 10 c5 fb 11 04 24 e9 1d
0x0000025151f9c21f:   00 00 00 48 83 ec 10 48 89 04 24 49 ba 00 00 00
0x0000025151f9c22f:   00 00 00 00 00 4c 89 54 24 08 e9 01 00 00 00 50
0x0000025151f9c23f:   4c 89 6d c0 41 0f b7 55 01 48 8b 4d d0 c1 e2 02
0x0000025151f9c24f:   8b 5c d1 20 c1 eb 10 81 e3 ff 00 00 00 81 fb b8
0x0000025151f9c25f:   00 00 00 0f 84 87 01 00 00 bb b8 00 00 00 e8 05
0x0000025151f9c26f:   00 00 00 e9 6c 01 00 00 48 8b d3 48 8d 44 24 08
0x0000025151f9c27f:   4c 89 6d c0 49 8b cf c5 f8 77 49 89 af 30 03 00
0x0000025151f9c28f:   00 49 89 87 20 03 00 00 48 83 ec 20 f7 c4 0f 00
0x0000025151f9c29f:   00 00 0f 84 1a 00 00 00 48 83 ec 08 49 ba 60 9e
0x0000025151f9c2af:   15 64 fc 7f 00 00 41 ff d2 48 83 c4 08 e9 0d 00
0x0000025151f9c2bf:   00 00 49 ba 60 9e 15 64 fc 7f 00 00 41 ff d2 48
0x0000025151f9c2cf:   83 c4 20 49 ba 00 00 00 00 00 00 00 00 4d 89 97
0x0000025151f9c2df:   20 03 00 00 49 ba 00 00 00 00 00 00 00 00 4d 89
0x0000025151f9c2ef:   97 30 03 00 00 49 ba 00 00 00 00 00 00 00 00 4d
0x0000025151f9c2ff:   89 97 28 03 00 00 c5 f8 77 41 8b 8f 44 04 00 00
0x0000025151f9c30f:   f7 c1 01 00 00 00 0f 84 49 00 00 00 f7 c1 02 00
0x0000025151f9c31f:   00 00 0f 85 3d 00 00 00 48 83 ec 20 f7 c4 0f 00
0x0000025151f9c32f:   00 00 0f 84 1a 00 00 00 48 83 ec 08 49 ba 60 3b
0x0000025151f9c33f:   15 64 fc 7f 00 00 41 ff d2 48 83 c4 08 e9 0d 00 


Stack slot to memory mapping:
stack at sp + 0 slots: 0x000000071519fb10 is an oop: [[I 
{0x000000071519fb10} - klass: {type array int}[]
 - length: 2
stack at sp + 1 slots: 0x000000071519eea0 is an oop: [[I 
{0x000000071519eea0} - klass: {type array int}[]
 - length: 2
stack at sp + 2 slots: 0x000000071519ee48 is an oop: [[I 
{0x000000071519ee48} - klass: {type array int}[]
 - length: 2
stack at sp + 3 slots: 0x0000007377dff760 is pointing into the stack for thread: 0x0000025148060000
stack at sp + 4 slots: 0x000002516f259f12 is pointing into metadata
stack at sp + 5 slots: 0x0000007377dff7d0 is pointing into the stack for thread: 0x0000025148060000
stack at sp + 6 slots: 0x000002516f25a018 is pointing into metadata
stack at sp + 7 slots: 0x0 is NULL

invokestatic  184 invokestatic  [0x0000025151f9c200, 0x0000025151f9c5a0]  928 bytes

---------------  P R O C E S S  ---------------

Threads class SMR info:
_java_thread_list=0x000002516ebe9700, length=13, elements={
0x0000025148060000, 0x000002516da1c000, 0x000002516da12800, 0x000002516e2fb000,
0x000002516e2fd000, 0x000002516e300000, 0x000002516e316000, 0x000002516e32e800,
0x000002516d9a2000, 0x000002516e550000, 0x000002516e5db000, 0x000002516e5dc800,
0x000002516e581800
}

Java Threads: ( => current thread )
=>0x0000025148060000 JavaThread "main" [_thread_in_Java, id=14928, stack(0x0000007377d00000,0x0000007377e00000)]
  0x000002516da1c000 JavaThread "Reference Handler" daemon [_thread_blocked, id=14768, stack(0x0000007378400000,0x0000007378500000)]
  0x000002516da12800 JavaThread "Finalizer" daemon [_thread_blocked, id=564, stack(0x0000007378500000,0x0000007378600000)]
  0x000002516e2fb000 JavaThread "Signal Dispatcher" daemon [_thread_blocked, id=2644, stack(0x0000007378600000,0x0000007378700000)]
  0x000002516e2fd000 JavaThread "Attach Listener" daemon [_thread_blocked, id=7788, stack(0x0000007378700000,0x0000007378800000)]
  0x000002516e300000 JavaThread "C2 CompilerThread0" daemon [_thread_blocked, id=13912, stack(0x0000007378800000,0x0000007378900000)]
  0x000002516e316000 JavaThread "C1 CompilerThread0" daemon [_thread_blocked, id=12700, stack(0x0000007378900000,0x0000007378a00000)]
  0x000002516e32e800 JavaThread "Sweeper thread" daemon [_thread_blocked, id=5052, stack(0x0000007378a00000,0x0000007378b00000)]
  0x000002516d9a2000 JavaThread "Common-Cleaner" daemon [_thread_blocked, id=3068, stack(0x0000007378b00000,0x0000007378c00000)]
  0x000002516e550000 JavaThread "JDWP Transport Listener: dt_socket" daemon [_thread_blocked, id=1316, stack(0x0000007378c00000,0x0000007378d00000)]
  0x000002516e5db000 JavaThread "JDWP Event Helper Thread" daemon [_thread_blocked, id=14712, stack(0x0000007378d00000,0x0000007378e00000)]
  0x000002516e5dc800 JavaThread "JDWP Command Reader" daemon [_thread_in_native, id=15940, stack(0x0000007378e00000,0x0000007378f00000)]
  0x000002516e581800 JavaThread "Service Thread" daemon [_thread_blocked, id=12032, stack(0x0000007378f00000,0x0000007379000000)]

Other Threads:
  0x000002516d9e6000 VMThread "VM Thread" [stack: 0x0000007378300000,0x0000007378400000] [id=6960]
  0x000002516ea48800 WatcherThread [stack: 0x0000007379000000,0x0000007379100000] [id=3976]
  0x0000025148079800 GCTaskThread "GC Thread#0" [stack: 0x0000007377e00000,0x0000007377f00000] [id=8184]
  0x00000251480d2000 ConcurrentGCThread "G1 Main Marker" [stack: 0x0000007377f00000,0x0000007378000000] [id=396]
  0x00000251480d3800 ConcurrentGCThread "G1 Conc#0" [stack: 0x0000007378000000,0x0000007378100000] [id=12184]
  0x000002516d8d3800 ConcurrentGCThread "G1 Refine#0" [stack: 0x0000007378100000,0x0000007378200000] [id=10324]
  0x000002516d8d4800 ConcurrentGCThread "G1 Young RemSet Sampling" [stack: 0x0000007378200000,0x0000007378300000] [id=9796]

Threads with active compile tasks:

VM state:not at safepoint (normal execution)

VM Mutex/Monitor currently owned by a thread: None

Heap address: 0x0000000705c00000, size: 4004 MB, Compressed Oops mode: Zero based, Oop shift amount: 3
Narrow klass base: 0x0000000800000000, Narrow klass shift: 0
Compressed class space size: 1073741824 Address: 0x0000000800000000

Heap:
 garbage-first heap   total 258048K, used 7168K [0x0000000705c00000, 0x0000000800000000)
  region size 1024K, 8 young (8192K), 0 survivors (0K)
 Metaspace       used 10298K, capacity 10526K, committed 10752K, reserved 1058816K
  class space    used 924K, capacity 994K, committed 1024K, reserved 1048576K
Heap Regions: E=young(eden), S=young(survivor), O=old, HS=humongous(starts), HC=humongous(continues), CS=collection set, F=free, A=archive, TAMS=top-at-mark-start (previous, next)
|   0|0x0000000705c00000, 0x0000000705c00000, 0x0000000705d00000|  0%| F|  |TAMS 0x0000000705c00000, 0x0000000705c00000| Untracked 
|   1|0x0000000705d00000, 0x0000000705d00000, 0x0000000705e00000|  0%| F|  |TAMS 0x0000000705d00000, 0x0000000705d00000| Untracked 
|   2|0x0000000705e00000, 0x0000000705e00000, 0x0000000705f00000|  0%| F|  |TAMS 0x0000000705e00000, 0x0000000705e00000| Untracked 
|   3|0x0000000705f00000, 0x0000000705f00000, 0x0000000706000000|  0%| F|  |TAMS 0x0000000705f00000, 0x0000000705f00000| Untracked 
|   4|0x0000000706000000, 0x0000000706000000, 0x0000000706100000|  0%| F|  |TAMS 0x0000000706000000, 0x0000000706000000| Untracked 
|   5|0x0000000706100000, 0x0000000706100000, 0x0000000706200000|  0%| F|  |TAMS 0x0000000706100000, 0x0000000706100000| Untracked 
|   6|0x0000000706200000, 0x0000000706200000, 0x0000000706300000|  0%| F|  |TAMS 0x0000000706200000, 0x0000000706200000| Untracked 
|   7|0x0000000706300000, 0x0000000706300000, 0x0000000706400000|  0%| F|  |TAMS 0x0000000706300000, 0x0000000706300000| Untracked 
|   8|0x0000000706400000, 0x0000000706400000, 0x0000000706500000|  0%| F|  |TAMS 0x0000000706400000, 0x0000000706400000| Untracked 
|   9|0x0000000706500000, 0x0000000706500000, 0x0000000706600000|  0%| F|  |TAMS 0x0000000706500000, 0x0000000706500000| Untracked 
|  10|0x0000000706600000, 0x0000000706600000, 0x0000000706700000|  0%| F|  |TAMS 0x0000000706600000, 0x0000000706600000| Untracked 
|  11|0x0000000706700000, 0x0000000706700000, 0x0000000706800000|  0%| F|  |TAMS 0x0000000706700000, 0x0000000706700000| Untracked 
|  12|0x0000000706800000, 0x0000000706800000, 0x0000000706900000|  0%| F|  |TAMS 0x0000000706800000, 0x0000000706800000| Untracked 
|  13|0x0000000706900000, 0x0000000706900000, 0x0000000706a00000|  0%| F|  |TAMS 0x0000000706900000, 0x0000000706900000| Untracked 
|  14|0x0000000706a00000, 0x0000000706a00000, 0x0000000706b00000|  0%| F|  |TAMS 0x0000000706a00000, 0x0000000706a00000| Untracked 
|  15|0x0000000706b00000, 0x0000000706b00000, 0x0000000706c00000|  0%| F|  |TAMS 0x0000000706b00000, 0x0000000706b00000| Untracked 
|  16|0x0000000706c00000, 0x0000000706c00000, 0x0000000706d00000|  0%| F|  |TAMS 0x0000000706c00000, 0x0000000706c00000| Untracked 
|  17|0x0000000706d00000, 0x0000000706d00000, 0x0000000706e00000|  0%| F|  |TAMS 0x0000000706d00000, 0x0000000706d00000| Untracked 
|  18|0x0000000706e00000, 0x0000000706e00000, 0x0000000706f00000|  0%| F|  |TAMS 0x0000000706e00000, 0x0000000706e00000| Untracked 
|  19|0x0000000706f00000, 0x0000000706f00000, 0x0000000707000000|  0%| F|  |TAMS 0x0000000706f00000, 0x0000000706f00000| Untracked 
|  20|0x0000000707000000, 0x0000000707000000, 0x0000000707100000|  0%| F|  |TAMS 0x0000000707000000, 0x0000000707000000| Untracked 
|  21|0x0000000707100000, 0x0000000707100000, 0x0000000707200000|  0%| F|  |TAMS 0x0000000707100000, 0x0000000707100000| Untracked 
|  22|0x0000000707200000, 0x0000000707200000, 0x0000000707300000|  0%| F|  |TAMS 0x0000000707200000, 0x0000000707200000| Untracked 
|  23|0x0000000707300000, 0x0000000707300000, 0x0000000707400000|  0%| F|  |TAMS 0x0000000707300000, 0x0000000707300000| Untracked 
|  24|0x0000000707400000, 0x0000000707400000, 0x0000000707500000|  0%| F|  |TAMS 0x0000000707400000, 0x0000000707400000| Untracked 
|  25|0x0000000707500000, 0x0000000707500000, 0x0000000707600000|  0%| F|  |TAMS 0x0000000707500000, 0x0000000707500000| Untracked 
|  26|0x0000000707600000, 0x0000000707600000, 0x0000000707700000|  0%| F|  |TAMS 0x0000000707600000, 0x0000000707600000| Untracked 
|  27|0x0000000707700000, 0x0000000707700000, 0x0000000707800000|  0%| F|  |TAMS 0x0000000707700000, 0x0000000707700000| Untracked 
|  28|0x0000000707800000, 0x0000000707800000, 0x0000000707900000|  0%| F|  |TAMS 0x0000000707800000, 0x0000000707800000| Untracked 
|  29|0x0000000707900000, 0x0000000707900000, 0x0000000707a00000|  0%| F|  |TAMS 0x0000000707900000, 0x0000000707900000| Untracked 
|  30|0x0000000707a00000, 0x0000000707a00000, 0x0000000707b00000|  0%| F|  |TAMS 0x0000000707a00000, 0x0000000707a00000| Untracked 
|  31|0x0000000707b00000, 0x0000000707b00000, 0x0000000707c00000|  0%| F|  |TAMS 0x0000000707b00000, 0x0000000707b00000| Untracked 
|  32|0x0000000707c00000, 0x0000000707c00000, 0x0000000707d00000|  0%| F|  |TAMS 0x0000000707c00000, 0x0000000707c00000| Untracked 
|  33|0x0000000707d00000, 0x0000000707d00000, 0x0000000707e00000|  0%| F|  |TAMS 0x0000000707d00000, 0x0000000707d00000| Untracked 
|  34|0x0000000707e00000, 0x0000000707e00000, 0x0000000707f00000|  0%| F|  |TAMS 0x0000000707e00000, 0x0000000707e00000| Untracked 
|  35|0x0000000707f00000, 0x0000000707f00000, 0x0000000708000000|  0%| F|  |TAMS 0x0000000707f00000, 0x0000000707f00000| Untracked 
|  36|0x0000000708000000, 0x0000000708000000, 0x0000000708100000|  0%| F|  |TAMS 0x0000000708000000, 0x0000000708000000| Untracked 
|  37|0x0000000708100000, 0x0000000708100000, 0x0000000708200000|  0%| F|  |TAMS 0x0000000708100000, 0x0000000708100000| Untracked 
|  38|0x0000000708200000, 0x0000000708200000, 0x0000000708300000|  0%| F|  |TAMS 0x0000000708200000, 0x0000000708200000| Untracked 
|  39|0x0000000708300000, 0x0000000708300000, 0x0000000708400000|  0%| F|  |TAMS 0x0000000708300000, 0x0000000708300000| Untracked 
|  40|0x0000000708400000, 0x0000000708400000, 0x0000000708500000|  0%| F|  |TAMS 0x0000000708400000, 0x0000000708400000| Untracked 
|  41|0x0000000708500000, 0x0000000708500000, 0x0000000708600000|  0%| F|  |TAMS 0x0000000708500000, 0x0000000708500000| Untracked 
|  42|0x0000000708600000, 0x0000000708600000, 0x0000000708700000|  0%| F|  |TAMS 0x0000000708600000, 0x0000000708600000| Untracked 
|  43|0x0000000708700000, 0x0000000708700000, 0x0000000708800000|  0%| F|  |TAMS 0x0000000708700000, 0x0000000708700000| Untracked 
|  44|0x0000000708800000, 0x0000000708800000, 0x0000000708900000|  0%| F|  |TAMS 0x0000000708800000, 0x0000000708800000| Untracked 
|  45|0x0000000708900000, 0x0000000708900000, 0x0000000708a00000|  0%| F|  |TAMS 0x0000000708900000, 0x0000000708900000| Untracked 
|  46|0x0000000708a00000, 0x0000000708a00000, 0x0000000708b00000|  0%| F|  |TAMS 0x0000000708a00000, 0x0000000708a00000| Untracked 
|  47|0x0000000708b00000, 0x0000000708b00000, 0x0000000708c00000|  0%| F|  |TAMS 0x0000000708b00000, 0x0000000708b00000| Untracked 
|  48|0x0000000708c00000, 0x0000000708c00000, 0x0000000708d00000|  0%| F|  |TAMS 0x0000000708c00000, 0x0000000708c00000| Untracked 
|  49|0x0000000708d00000, 0x0000000708d00000, 0x0000000708e00000|  0%| F|  |TAMS 0x0000000708d00000, 0x0000000708d00000| Untracked 
|  50|0x0000000708e00000, 0x0000000708e00000, 0x0000000708f00000|  0%| F|  |TAMS 0x0000000708e00000, 0x0000000708e00000| Untracked 
|  51|0x0000000708f00000, 0x0000000708f00000, 0x0000000709000000|  0%| F|  |TAMS 0x0000000708f00000, 0x0000000708f00000| Untracked 
|  52|0x0000000709000000, 0x0000000709000000, 0x0000000709100000|  0%| F|  |TAMS 0x0000000709000000, 0x0000000709000000| Untracked 
|  53|0x0000000709100000, 0x0000000709100000, 0x0000000709200000|  0%| F|  |TAMS 0x0000000709100000, 0x0000000709100000| Untracked 
|  54|0x0000000709200000, 0x0000000709200000, 0x0000000709300000|  0%| F|  |TAMS 0x0000000709200000, 0x0000000709200000| Untracked 
|  55|0x0000000709300000, 0x0000000709300000, 0x0000000709400000|  0%| F|  |TAMS 0x0000000709300000, 0x0000000709300000| Untracked 
|  56|0x0000000709400000, 0x0000000709400000, 0x0000000709500000|  0%| F|  |TAMS 0x0000000709400000, 0x0000000709400000| Untracked 
|  57|0x0000000709500000, 0x0000000709500000, 0x0000000709600000|  0%| F|  |TAMS 0x0000000709500000, 0x0000000709500000| Untracked 
|  58|0x0000000709600000, 0x0000000709600000, 0x0000000709700000|  0%| F|  |TAMS 0x0000000709600000, 0x0000000709600000| Untracked 
|  59|0x0000000709700000, 0x0000000709700000, 0x0000000709800000|  0%| F|  |TAMS 0x0000000709700000, 0x0000000709700000| Untracked 
|  60|0x0000000709800000, 0x0000000709800000, 0x0000000709900000|  0%| F|  |TAMS 0x0000000709800000, 0x0000000709800000| Untracked 
|  61|0x0000000709900000, 0x0000000709900000, 0x0000000709a00000|  0%| F|  |TAMS 0x0000000709900000, 0x0000000709900000| Untracked 
|  62|0x0000000709a00000, 0x0000000709a00000, 0x0000000709b00000|  0%| F|  |TAMS 0x0000000709a00000, 0x0000000709a00000| Untracked 
|  63|0x0000000709b00000, 0x0000000709b00000, 0x0000000709c00000|  0%| F|  |TAMS 0x0000000709b00000, 0x0000000709b00000| Untracked 
|  64|0x0000000709c00000, 0x0000000709c00000, 0x0000000709d00000|  0%| F|  |TAMS 0x0000000709c00000, 0x0000000709c00000| Untracked 
|  65|0x0000000709d00000, 0x0000000709d00000, 0x0000000709e00000|  0%| F|  |TAMS 0x0000000709d00000, 0x0000000709d00000| Untracked 
|  66|0x0000000709e00000, 0x0000000709e00000, 0x0000000709f00000|  0%| F|  |TAMS 0x0000000709e00000, 0x0000000709e00000| Untracked 
|  67|0x0000000709f00000, 0x0000000709f00000, 0x000000070a000000|  0%| F|  |TAMS 0x0000000709f00000, 0x0000000709f00000| Untracked 
|  68|0x000000070a000000, 0x000000070a000000, 0x000000070a100000|  0%| F|  |TAMS 0x000000070a000000, 0x000000070a000000| Untracked 
|  69|0x000000070a100000, 0x000000070a100000, 0x000000070a200000|  0%| F|  |TAMS 0x000000070a100000, 0x000000070a100000| Untracked 
|  70|0x000000070a200000, 0x000000070a200000, 0x000000070a300000|  0%| F|  |TAMS 0x000000070a200000, 0x000000070a200000| Untracked 
|  71|0x000000070a300000, 0x000000070a300000, 0x000000070a400000|  0%| F|  |TAMS 0x000000070a300000, 0x000000070a300000| Untracked 
|  72|0x000000070a400000, 0x000000070a400000, 0x000000070a500000|  0%| F|  |TAMS 0x000000070a400000, 0x000000070a400000| Untracked 
|  73|0x000000070a500000, 0x000000070a500000, 0x000000070a600000|  0%| F|  |TAMS 0x000000070a500000, 0x000000070a500000| Untracked 
|  74|0x000000070a600000, 0x000000070a600000, 0x000000070a700000|  0%| F|  |TAMS 0x000000070a600000, 0x000000070a600000| Untracked 
|  75|0x000000070a700000, 0x000000070a700000, 0x000000070a800000|  0%| F|  |TAMS 0x000000070a700000, 0x000000070a700000| Untracked 
|  76|0x000000070a800000, 0x000000070a800000, 0x000000070a900000|  0%| F|  |TAMS 0x000000070a800000, 0x000000070a800000| Untracked 
|  77|0x000000070a900000, 0x000000070a900000, 0x000000070aa00000|  0%| F|  |TAMS 0x000000070a900000, 0x000000070a900000| Untracked 
|  78|0x000000070aa00000, 0x000000070aa00000, 0x000000070ab00000|  0%| F|  |TAMS 0x000000070aa00000, 0x000000070aa00000| Untracked 
|  79|0x000000070ab00000, 0x000000070ab00000, 0x000000070ac00000|  0%| F|  |TAMS 0x000000070ab00000, 0x000000070ab00000| Untracked 
|  80|0x000000070ac00000, 0x000000070ac00000, 0x000000070ad00000|  0%| F|  |TAMS 0x000000070ac00000, 0x000000070ac00000| Untracked 
|  81|0x000000070ad00000, 0x000000070ad00000, 0x000000070ae00000|  0%| F|  |TAMS 0x000000070ad00000, 0x000000070ad00000| Untracked 
|  82|0x000000070ae00000, 0x000000070ae00000, 0x000000070af00000|  0%| F|  |TAMS 0x000000070ae00000, 0x000000070ae00000| Untracked 
|  83|0x000000070af00000, 0x000000070af00000, 0x000000070b000000|  0%| F|  |TAMS 0x000000070af00000, 0x000000070af00000| Untracked 
|  84|0x000000070b000000, 0x000000070b000000, 0x000000070b100000|  0%| F|  |TAMS 0x000000070b000000, 0x000000070b000000| Untracked 
|  85|0x000000070b100000, 0x000000070b100000, 0x000000070b200000|  0%| F|  |TAMS 0x000000070b100000, 0x000000070b100000| Untracked 
|  86|0x000000070b200000, 0x000000070b200000, 0x000000070b300000|  0%| F|  |TAMS 0x000000070b200000, 0x000000070b200000| Untracked 
|  87|0x000000070b300000, 0x000000070b300000, 0x000000070b400000|  0%| F|  |TAMS 0x000000070b300000, 0x000000070b300000| Untracked 
|  88|0x000000070b400000, 0x000000070b400000, 0x000000070b500000|  0%| F|  |TAMS 0x000000070b400000, 0x000000070b400000| Untracked 
|  89|0x000000070b500000, 0x000000070b500000, 0x000000070b600000|  0%| F|  |TAMS 0x000000070b500000, 0x000000070b500000| Untracked 
|  90|0x000000070b600000, 0x000000070b600000, 0x000000070b700000|  0%| F|  |TAMS 0x000000070b600000, 0x000000070b600000| Untracked 
|  91|0x000000070b700000, 0x000000070b700000, 0x000000070b800000|  0%| F|  |TAMS 0x000000070b700000, 0x000000070b700000| Untracked 
|  92|0x000000070b800000, 0x000000070b800000, 0x000000070b900000|  0%| F|  |TAMS 0x000000070b800000, 0x000000070b800000| Untracked 
|  93|0x000000070b900000, 0x000000070b900000, 0x000000070ba00000|  0%| F|  |TAMS 0x000000070b900000, 0x000000070b900000| Untracked 
|  94|0x000000070ba00000, 0x000000070ba00000, 0x000000070bb00000|  0%| F|  |TAMS 0x000000070ba00000, 0x000000070ba00000| Untracked 
|  95|0x000000070bb00000, 0x000000070bb00000, 0x000000070bc00000|  0%| F|  |TAMS 0x000000070bb00000, 0x000000070bb00000| Untracked 
|  96|0x000000070bc00000, 0x000000070bc00000, 0x000000070bd00000|  0%| F|  |TAMS 0x000000070bc00000, 0x000000070bc00000| Untracked 
|  97|0x000000070bd00000, 0x000000070bd00000, 0x000000070be00000|  0%| F|  |TAMS 0x000000070bd00000, 0x000000070bd00000| Untracked 
|  98|0x000000070be00000, 0x000000070be00000, 0x000000070bf00000|  0%| F|  |TAMS 0x000000070be00000, 0x000000070be00000| Untracked 
|  99|0x000000070bf00000, 0x000000070bf00000, 0x000000070c000000|  0%| F|  |TAMS 0x000000070bf00000, 0x000000070bf00000| Untracked 
| 100|0x000000070c000000, 0x000000070c000000, 0x000000070c100000|  0%| F|  |TAMS 0x000000070c000000, 0x000000070c000000| Untracked 
| 101|0x000000070c100000, 0x000000070c100000, 0x000000070c200000|  0%| F|  |TAMS 0x000000070c100000, 0x000000070c100000| Untracked 
| 102|0x000000070c200000, 0x000000070c200000, 0x000000070c300000|  0%| F|  |TAMS 0x000000070c200000, 0x000000070c200000| Untracked 
| 103|0x000000070c300000, 0x000000070c300000, 0x000000070c400000|  0%| F|  |TAMS 0x000000070c300000, 0x000000070c300000| Untracked 
| 104|0x000000070c400000, 0x000000070c400000, 0x000000070c500000|  0%| F|  |TAMS 0x000000070c400000, 0x000000070c400000| Untracked 
| 105|0x000000070c500000, 0x000000070c500000, 0x000000070c600000|  0%| F|  |TAMS 0x000000070c500000, 0x000000070c500000| Untracked 
| 106|0x000000070c600000, 0x000000070c600000, 0x000000070c700000|  0%| F|  |TAMS 0x000000070c600000, 0x000000070c600000| Untracked 
| 107|0x000000070c700000, 0x000000070c700000, 0x000000070c800000|  0%| F|  |TAMS 0x000000070c700000, 0x000000070c700000| Untracked 
| 108|0x000000070c800000, 0x000000070c800000, 0x000000070c900000|  0%| F|  |TAMS 0x000000070c800000, 0x000000070c800000| Untracked 
| 109|0x000000070c900000, 0x000000070c900000, 0x000000070ca00000|  0%| F|  |TAMS 0x000000070c900000, 0x000000070c900000| Untracked 
| 110|0x000000070ca00000, 0x000000070ca00000, 0x000000070cb00000|  0%| F|  |TAMS 0x000000070ca00000, 0x000000070ca00000| Untracked 
| 111|0x000000070cb00000, 0x000000070cb00000, 0x000000070cc00000|  0%| F|  |TAMS 0x000000070cb00000, 0x000000070cb00000| Untracked 
| 112|0x000000070cc00000, 0x000000070cc00000, 0x000000070cd00000|  0%| F|  |TAMS 0x000000070cc00000, 0x000000070cc00000| Untracked 
| 113|0x000000070cd00000, 0x000000070cd00000, 0x000000070ce00000|  0%| F|  |TAMS 0x000000070cd00000, 0x000000070cd00000| Untracked 
| 114|0x000000070ce00000, 0x000000070ce00000, 0x000000070cf00000|  0%| F|  |TAMS 0x000000070ce00000, 0x000000070ce00000| Untracked 
| 115|0x000000070cf00000, 0x000000070cf00000, 0x000000070d000000|  0%| F|  |TAMS 0x000000070cf00000, 0x000000070cf00000| Untracked 
| 116|0x000000070d000000, 0x000000070d000000, 0x000000070d100000|  0%| F|  |TAMS 0x000000070d000000, 0x000000070d000000| Untracked 
| 117|0x000000070d100000, 0x000000070d100000, 0x000000070d200000|  0%| F|  |TAMS 0x000000070d100000, 0x000000070d100000| Untracked 
| 118|0x000000070d200000, 0x000000070d200000, 0x000000070d300000|  0%| F|  |TAMS 0x000000070d200000, 0x000000070d200000| Untracked 
| 119|0x000000070d300000, 0x000000070d300000, 0x000000070d400000|  0%| F|  |TAMS 0x000000070d300000, 0x000000070d300000| Untracked 
| 120|0x000000070d400000, 0x000000070d400000, 0x000000070d500000|  0%| F|  |TAMS 0x000000070d400000, 0x000000070d400000| Untracked 
| 121|0x000000070d500000, 0x000000070d500000, 0x000000070d600000|  0%| F|  |TAMS 0x000000070d500000, 0x000000070d500000| Untracked 
| 122|0x000000070d600000, 0x000000070d600000, 0x000000070d700000|  0%| F|  |TAMS 0x000000070d600000, 0x000000070d600000| Untracked 
| 123|0x000000070d700000, 0x000000070d700000, 0x000000070d800000|  0%| F|  |TAMS 0x000000070d700000, 0x000000070d700000| Untracked 
| 124|0x000000070d800000, 0x000000070d800000, 0x000000070d900000|  0%| F|  |TAMS 0x000000070d800000, 0x000000070d800000| Untracked 
| 125|0x000000070d900000, 0x000000070d900000, 0x000000070da00000|  0%| F|  |TAMS 0x000000070d900000, 0x000000070d900000| Untracked 
| 126|0x000000070da00000, 0x000000070da00000, 0x000000070db00000|  0%| F|  |TAMS 0x000000070da00000, 0x000000070da00000| Untracked 
| 127|0x000000070db00000, 0x000000070db00000, 0x000000070dc00000|  0%| F|  |TAMS 0x000000070db00000, 0x000000070db00000| Untracked 
| 128|0x000000070dc00000, 0x000000070dc00000, 0x000000070dd00000|  0%| F|  |TAMS 0x000000070dc00000, 0x000000070dc00000| Untracked 
| 129|0x000000070dd00000, 0x000000070dd00000, 0x000000070de00000|  0%| F|  |TAMS 0x000000070dd00000, 0x000000070dd00000| Untracked 
| 130|0x000000070de00000, 0x000000070de00000, 0x000000070df00000|  0%| F|  |TAMS 0x000000070de00000, 0x000000070de00000| Untracked 
| 131|0x000000070df00000, 0x000000070df00000, 0x000000070e000000|  0%| F|  |TAMS 0x000000070df00000, 0x000000070df00000| Untracked 
| 132|0x000000070e000000, 0x000000070e000000, 0x000000070e100000|  0%| F|  |TAMS 0x000000070e000000, 0x000000070e000000| Untracked 
| 133|0x000000070e100000, 0x000000070e100000, 0x000000070e200000|  0%| F|  |TAMS 0x000000070e100000, 0x000000070e100000| Untracked 
| 134|0x000000070e200000, 0x000000070e200000, 0x000000070e300000|  0%| F|  |TAMS 0x000000070e200000, 0x000000070e200000| Untracked 
| 135|0x000000070e300000, 0x000000070e300000, 0x000000070e400000|  0%| F|  |TAMS 0x000000070e300000, 0x000000070e300000| Untracked 
| 136|0x000000070e400000, 0x000000070e400000, 0x000000070e500000|  0%| F|  |TAMS 0x000000070e400000, 0x000000070e400000| Untracked 
| 137|0x000000070e500000, 0x000000070e500000, 0x000000070e600000|  0%| F|  |TAMS 0x000000070e500000, 0x000000070e500000| Untracked 
| 138|0x000000070e600000, 0x000000070e600000, 0x000000070e700000|  0%| F|  |TAMS 0x000000070e600000, 0x000000070e600000| Untracked 
| 139|0x000000070e700000, 0x000000070e700000, 0x000000070e800000|  0%| F|  |TAMS 0x000000070e700000, 0x000000070e700000| Untracked 
| 140|0x000000070e800000, 0x000000070e800000, 0x000000070e900000|  0%| F|  |TAMS 0x000000070e800000, 0x000000070e800000| Untracked 
| 141|0x000000070e900000, 0x000000070e900000, 0x000000070ea00000|  0%| F|  |TAMS 0x000000070e900000, 0x000000070e900000| Untracked 
| 142|0x000000070ea00000, 0x000000070ea00000, 0x000000070eb00000|  0%| F|  |TAMS 0x000000070ea00000, 0x000000070ea00000| Untracked 
| 143|0x000000070eb00000, 0x000000070eb00000, 0x000000070ec00000|  0%| F|  |TAMS 0x000000070eb00000, 0x000000070eb00000| Untracked 
| 144|0x000000070ec00000, 0x000000070ec00000, 0x000000070ed00000|  0%| F|  |TAMS 0x000000070ec00000, 0x000000070ec00000| Untracked 
| 145|0x000000070ed00000, 0x000000070ed00000, 0x000000070ee00000|  0%| F|  |TAMS 0x000000070ed00000, 0x000000070ed00000| Untracked 
| 146|0x000000070ee00000, 0x000000070ee00000, 0x000000070ef00000|  0%| F|  |TAMS 0x000000070ee00000, 0x000000070ee00000| Untracked 
| 147|0x000000070ef00000, 0x000000070ef00000, 0x000000070f000000|  0%| F|  |TAMS 0x000000070ef00000, 0x000000070ef00000| Untracked 
| 148|0x000000070f000000, 0x000000070f000000, 0x000000070f100000|  0%| F|  |TAMS 0x000000070f000000, 0x000000070f000000| Untracked 
| 149|0x000000070f100000, 0x000000070f100000, 0x000000070f200000|  0%| F|  |TAMS 0x000000070f100000, 0x000000070f100000| Untracked 
| 150|0x000000070f200000, 0x000000070f200000, 0x000000070f300000|  0%| F|  |TAMS 0x000000070f200000, 0x000000070f200000| Untracked 
| 151|0x000000070f300000, 0x000000070f300000, 0x000000070f400000|  0%| F|  |TAMS 0x000000070f300000, 0x000000070f300000| Untracked 
| 152|0x000000070f400000, 0x000000070f400000, 0x000000070f500000|  0%| F|  |TAMS 0x000000070f400000, 0x000000070f400000| Untracked 
| 153|0x000000070f500000, 0x000000070f500000, 0x000000070f600000|  0%| F|  |TAMS 0x000000070f500000, 0x000000070f500000| Untracked 
| 154|0x000000070f600000, 0x000000070f600000, 0x000000070f700000|  0%| F|  |TAMS 0x000000070f600000, 0x000000070f600000| Untracked 
| 155|0x000000070f700000, 0x000000070f700000, 0x000000070f800000|  0%| F|  |TAMS 0x000000070f700000, 0x000000070f700000| Untracked 
| 156|0x000000070f800000, 0x000000070f800000, 0x000000070f900000|  0%| F|  |TAMS 0x000000070f800000, 0x000000070f800000| Untracked 
| 157|0x000000070f900000, 0x000000070f900000, 0x000000070fa00000|  0%| F|  |TAMS 0x000000070f900000, 0x000000070f900000| Untracked 
| 158|0x000000070fa00000, 0x000000070fa00000, 0x000000070fb00000|  0%| F|  |TAMS 0x000000070fa00000, 0x000000070fa00000| Untracked 
| 159|0x000000070fb00000, 0x000000070fb00000, 0x000000070fc00000|  0%| F|  |TAMS 0x000000070fb00000, 0x000000070fb00000| Untracked 
| 160|0x000000070fc00000, 0x000000070fc00000, 0x000000070fd00000|  0%| F|  |TAMS 0x000000070fc00000, 0x000000070fc00000| Untracked 
| 161|0x000000070fd00000, 0x000000070fd00000, 0x000000070fe00000|  0%| F|  |TAMS 0x000000070fd00000, 0x000000070fd00000| Untracked 
| 162|0x000000070fe00000, 0x000000070fe00000, 0x000000070ff00000|  0%| F|  |TAMS 0x000000070fe00000, 0x000000070fe00000| Untracked 
| 163|0x000000070ff00000, 0x000000070ff00000, 0x0000000710000000|  0%| F|  |TAMS 0x000000070ff00000, 0x000000070ff00000| Untracked 
| 164|0x0000000710000000, 0x0000000710000000, 0x0000000710100000|  0%| F|  |TAMS 0x0000000710000000, 0x0000000710000000| Untracked 
| 165|0x0000000710100000, 0x0000000710100000, 0x0000000710200000|  0%| F|  |TAMS 0x0000000710100000, 0x0000000710100000| Untracked 
| 166|0x0000000710200000, 0x0000000710200000, 0x0000000710300000|  0%| F|  |TAMS 0x0000000710200000, 0x0000000710200000| Untracked 
| 167|0x0000000710300000, 0x0000000710300000, 0x0000000710400000|  0%| F|  |TAMS 0x0000000710300000, 0x0000000710300000| Untracked 
| 168|0x0000000710400000, 0x0000000710400000, 0x0000000710500000|  0%| F|  |TAMS 0x0000000710400000, 0x0000000710400000| Untracked 
| 169|0x0000000710500000, 0x0000000710500000, 0x0000000710600000|  0%| F|  |TAMS 0x0000000710500000, 0x0000000710500000| Untracked 
| 170|0x0000000710600000, 0x0000000710600000, 0x0000000710700000|  0%| F|  |TAMS 0x0000000710600000, 0x0000000710600000| Untracked 
| 171|0x0000000710700000, 0x0000000710700000, 0x0000000710800000|  0%| F|  |TAMS 0x0000000710700000, 0x0000000710700000| Untracked 
| 172|0x0000000710800000, 0x0000000710800000, 0x0000000710900000|  0%| F|  |TAMS 0x0000000710800000, 0x0000000710800000| Untracked 
| 173|0x0000000710900000, 0x0000000710900000, 0x0000000710a00000|  0%| F|  |TAMS 0x0000000710900000, 0x0000000710900000| Untracked 
| 174|0x0000000710a00000, 0x0000000710a00000, 0x0000000710b00000|  0%| F|  |TAMS 0x0000000710a00000, 0x0000000710a00000| Untracked 
| 175|0x0000000710b00000, 0x0000000710b00000, 0x0000000710c00000|  0%| F|  |TAMS 0x0000000710b00000, 0x0000000710b00000| Untracked 
| 176|0x0000000710c00000, 0x0000000710c00000, 0x0000000710d00000|  0%| F|  |TAMS 0x0000000710c00000, 0x0000000710c00000| Untracked 
| 177|0x0000000710d00000, 0x0000000710d00000, 0x0000000710e00000|  0%| F|  |TAMS 0x0000000710d00000, 0x0000000710d00000| Untracked 
| 178|0x0000000710e00000, 0x0000000710e00000, 0x0000000710f00000|  0%| F|  |TAMS 0x0000000710e00000, 0x0000000710e00000| Untracked 
| 179|0x0000000710f00000, 0x0000000710f00000, 0x0000000711000000|  0%| F|  |TAMS 0x0000000710f00000, 0x0000000710f00000| Untracked 
| 180|0x0000000711000000, 0x0000000711000000, 0x0000000711100000|  0%| F|  |TAMS 0x0000000711000000, 0x0000000711000000| Untracked 
| 181|0x0000000711100000, 0x0000000711100000, 0x0000000711200000|  0%| F|  |TAMS 0x0000000711100000, 0x0000000711100000| Untracked 
| 182|0x0000000711200000, 0x0000000711200000, 0x0000000711300000|  0%| F|  |TAMS 0x0000000711200000, 0x0000000711200000| Untracked 
| 183|0x0000000711300000, 0x0000000711300000, 0x0000000711400000|  0%| F|  |TAMS 0x0000000711300000, 0x0000000711300000| Untracked 
| 184|0x0000000711400000, 0x0000000711400000, 0x0000000711500000|  0%| F|  |TAMS 0x0000000711400000, 0x0000000711400000| Untracked 
| 185|0x0000000711500000, 0x0000000711500000, 0x0000000711600000|  0%| F|  |TAMS 0x0000000711500000, 0x0000000711500000| Untracked 
| 186|0x0000000711600000, 0x0000000711600000, 0x0000000711700000|  0%| F|  |TAMS 0x0000000711600000, 0x0000000711600000| Untracked 
| 187|0x0000000711700000, 0x0000000711700000, 0x0000000711800000|  0%| F|  |TAMS 0x0000000711700000, 0x0000000711700000| Untracked 
| 188|0x0000000711800000, 0x0000000711800000, 0x0000000711900000|  0%| F|  |TAMS 0x0000000711800000, 0x0000000711800000| Untracked 
| 189|0x0000000711900000, 0x0000000711900000, 0x0000000711a00000|  0%| F|  |TAMS 0x0000000711900000, 0x0000000711900000| Untracked 
| 190|0x0000000711a00000, 0x0000000711a00000, 0x0000000711b00000|  0%| F|  |TAMS 0x0000000711a00000, 0x0000000711a00000| Untracked 
| 191|0x0000000711b00000, 0x0000000711b00000, 0x0000000711c00000|  0%| F|  |TAMS 0x0000000711b00000, 0x0000000711b00000| Untracked 
| 192|0x0000000711c00000, 0x0000000711c00000, 0x0000000711d00000|  0%| F|  |TAMS 0x0000000711c00000, 0x0000000711c00000| Untracked 
| 193|0x0000000711d00000, 0x0000000711d00000, 0x0000000711e00000|  0%| F|  |TAMS 0x0000000711d00000, 0x0000000711d00000| Untracked 
| 194|0x0000000711e00000, 0x0000000711e00000, 0x0000000711f00000|  0%| F|  |TAMS 0x0000000711e00000, 0x0000000711e00000| Untracked 
| 195|0x0000000711f00000, 0x0000000711f00000, 0x0000000712000000|  0%| F|  |TAMS 0x0000000711f00000, 0x0000000711f00000| Untracked 
| 196|0x0000000712000000, 0x0000000712000000, 0x0000000712100000|  0%| F|  |TAMS 0x0000000712000000, 0x0000000712000000| Untracked 
| 197|0x0000000712100000, 0x0000000712100000, 0x0000000712200000|  0%| F|  |TAMS 0x0000000712100000, 0x0000000712100000| Untracked 
| 198|0x0000000712200000, 0x0000000712200000, 0x0000000712300000|  0%| F|  |TAMS 0x0000000712200000, 0x0000000712200000| Untracked 
| 199|0x0000000712300000, 0x0000000712300000, 0x0000000712400000|  0%| F|  |TAMS 0x0000000712300000, 0x0000000712300000| Untracked 
| 200|0x0000000712400000, 0x0000000712400000, 0x0000000712500000|  0%| F|  |TAMS 0x0000000712400000, 0x0000000712400000| Untracked 
| 201|0x0000000712500000, 0x0000000712500000, 0x0000000712600000|  0%| F|  |TAMS 0x0000000712500000, 0x0000000712500000| Untracked 
| 202|0x0000000712600000, 0x0000000712600000, 0x0000000712700000|  0%| F|  |TAMS 0x0000000712600000, 0x0000000712600000| Untracked 
| 203|0x0000000712700000, 0x0000000712700000, 0x0000000712800000|  0%| F|  |TAMS 0x0000000712700000, 0x0000000712700000| Untracked 
| 204|0x0000000712800000, 0x0000000712800000, 0x0000000712900000|  0%| F|  |TAMS 0x0000000712800000, 0x0000000712800000| Untracked 
| 205|0x0000000712900000, 0x0000000712900000, 0x0000000712a00000|  0%| F|  |TAMS 0x0000000712900000, 0x0000000712900000| Untracked 
| 206|0x0000000712a00000, 0x0000000712a00000, 0x0000000712b00000|  0%| F|  |TAMS 0x0000000712a00000, 0x0000000712a00000| Untracked 
| 207|0x0000000712b00000, 0x0000000712b00000, 0x0000000712c00000|  0%| F|  |TAMS 0x0000000712b00000, 0x0000000712b00000| Untracked 
| 208|0x0000000712c00000, 0x0000000712c00000, 0x0000000712d00000|  0%| F|  |TAMS 0x0000000712c00000, 0x0000000712c00000| Untracked 
| 209|0x0000000712d00000, 0x0000000712d00000, 0x0000000712e00000|  0%| F|  |TAMS 0x0000000712d00000, 0x0000000712d00000| Untracked 
| 210|0x0000000712e00000, 0x0000000712e00000, 0x0000000712f00000|  0%| F|  |TAMS 0x0000000712e00000, 0x0000000712e00000| Untracked 
| 211|0x0000000712f00000, 0x0000000712f00000, 0x0000000713000000|  0%| F|  |TAMS 0x0000000712f00000, 0x0000000712f00000| Untracked 
| 212|0x0000000713000000, 0x0000000713000000, 0x0000000713100000|  0%| F|  |TAMS 0x0000000713000000, 0x0000000713000000| Untracked 
| 213|0x0000000713100000, 0x0000000713100000, 0x0000000713200000|  0%| F|  |TAMS 0x0000000713100000, 0x0000000713100000| Untracked 
| 214|0x0000000713200000, 0x0000000713200000, 0x0000000713300000|  0%| F|  |TAMS 0x0000000713200000, 0x0000000713200000| Untracked 
| 215|0x0000000713300000, 0x0000000713300000, 0x0000000713400000|  0%| F|  |TAMS 0x0000000713300000, 0x0000000713300000| Untracked 
| 216|0x0000000713400000, 0x0000000713400000, 0x0000000713500000|  0%| F|  |TAMS 0x0000000713400000, 0x0000000713400000| Untracked 
| 217|0x0000000713500000, 0x0000000713500000, 0x0000000713600000|  0%| F|  |TAMS 0x0000000713500000, 0x0000000713500000| Untracked 
| 218|0x0000000713600000, 0x0000000713600000, 0x0000000713700000|  0%| F|  |TAMS 0x0000000713600000, 0x0000000713600000| Untracked 
| 219|0x0000000713700000, 0x0000000713700000, 0x0000000713800000|  0%| F|  |TAMS 0x0000000713700000, 0x0000000713700000| Untracked 
| 220|0x0000000713800000, 0x0000000713800000, 0x0000000713900000|  0%| F|  |TAMS 0x0000000713800000, 0x0000000713800000| Untracked 
| 221|0x0000000713900000, 0x0000000713900000, 0x0000000713a00000|  0%| F|  |TAMS 0x0000000713900000, 0x0000000713900000| Untracked 
| 222|0x0000000713a00000, 0x0000000713a00000, 0x0000000713b00000|  0%| F|  |TAMS 0x0000000713a00000, 0x0000000713a00000| Untracked 
| 223|0x0000000713b00000, 0x0000000713b00000, 0x0000000713c00000|  0%| F|  |TAMS 0x0000000713b00000, 0x0000000713b00000| Untracked 
| 224|0x0000000713c00000, 0x0000000713c00000, 0x0000000713d00000|  0%| F|  |TAMS 0x0000000713c00000, 0x0000000713c00000| Untracked 
| 225|0x0000000713d00000, 0x0000000713d00000, 0x0000000713e00000|  0%| F|  |TAMS 0x0000000713d00000, 0x0000000713d00000| Untracked 
| 226|0x0000000713e00000, 0x0000000713e00000, 0x0000000713f00000|  0%| F|  |TAMS 0x0000000713e00000, 0x0000000713e00000| Untracked 
| 227|0x0000000713f00000, 0x0000000713f00000, 0x0000000714000000|  0%| F|  |TAMS 0x0000000713f00000, 0x0000000713f00000| Untracked 
| 228|0x0000000714000000, 0x0000000714000000, 0x0000000714100000|  0%| F|  |TAMS 0x0000000714000000, 0x0000000714000000| Untracked 
| 229|0x0000000714100000, 0x0000000714100000, 0x0000000714200000|  0%| F|  |TAMS 0x0000000714100000, 0x0000000714100000| Untracked 
| 230|0x0000000714200000, 0x0000000714200000, 0x0000000714300000|  0%| F|  |TAMS 0x0000000714200000, 0x0000000714200000| Untracked 
| 231|0x0000000714300000, 0x0000000714300000, 0x0000000714400000|  0%| F|  |TAMS 0x0000000714300000, 0x0000000714300000| Untracked 
| 232|0x0000000714400000, 0x0000000714400000, 0x0000000714500000|  0%| F|  |TAMS 0x0000000714400000, 0x0000000714400000| Untracked 
| 233|0x0000000714500000, 0x0000000714500000, 0x0000000714600000|  0%| F|  |TAMS 0x0000000714500000, 0x0000000714500000| Untracked 
| 234|0x0000000714600000, 0x0000000714600000, 0x0000000714700000|  0%| F|  |TAMS 0x0000000714600000, 0x0000000714600000| Untracked 
| 235|0x0000000714700000, 0x0000000714700000, 0x0000000714800000|  0%| F|  |TAMS 0x0000000714700000, 0x0000000714700000| Untracked 
| 236|0x0000000714800000, 0x0000000714800000, 0x0000000714900000|  0%| F|  |TAMS 0x0000000714800000, 0x0000000714800000| Untracked 
| 237|0x0000000714900000, 0x0000000714900000, 0x0000000714a00000|  0%| F|  |TAMS 0x0000000714900000, 0x0000000714900000| Untracked 
| 238|0x0000000714a00000, 0x0000000714a00000, 0x0000000714b00000|  0%| F|  |TAMS 0x0000000714a00000, 0x0000000714a00000| Untracked 
| 239|0x0000000714b00000, 0x0000000714b00000, 0x0000000714c00000|  0%| F|  |TAMS 0x0000000714b00000, 0x0000000714b00000| Untracked 
| 240|0x0000000714c00000, 0x0000000714c00000, 0x0000000714d00000|  0%| F|  |TAMS 0x0000000714c00000, 0x0000000714c00000| Untracked 
| 241|0x0000000714d00000, 0x0000000714d00000, 0x0000000714e00000|  0%| F|  |TAMS 0x0000000714d00000, 0x0000000714d00000| Untracked 
| 242|0x0000000714e00000, 0x0000000714e00000, 0x0000000714f00000|  0%| F|  |TAMS 0x0000000714e00000, 0x0000000714e00000| Untracked 
| 243|0x0000000714f00000, 0x0000000714f00000, 0x0000000715000000|  0%| F|  |TAMS 0x0000000714f00000, 0x0000000714f00000| Untracked 
| 244|0x0000000715000000, 0x00000007150fc620, 0x0000000715100000| 98%| E|  |TAMS 0x0000000715000000, 0x0000000715000000| Complete 
| 245|0x0000000715100000, 0x0000000715200000, 0x0000000715200000|100%| E|CS|TAMS 0x0000000715100000, 0x0000000715100000| Complete 
| 246|0x0000000715200000, 0x0000000715300000, 0x0000000715300000|100%| E|CS|TAMS 0x0000000715200000, 0x0000000715200000| Complete 
| 247|0x0000000715300000, 0x0000000715400000, 0x0000000715400000|100%| E|CS|TAMS 0x0000000715300000, 0x0000000715300000| Complete 
| 248|0x0000000715400000, 0x0000000715500000, 0x0000000715500000|100%| E|CS|TAMS 0x0000000715400000, 0x0000000715400000| Complete 
| 249|0x0000000715500000, 0x0000000715600000, 0x0000000715600000|100%| E|CS|TAMS 0x0000000715500000, 0x0000000715500000| Complete 
| 250|0x0000000715600000, 0x0000000715700000, 0x0000000715700000|100%| E|CS|TAMS 0x0000000715600000, 0x0000000715600000| Complete 
| 251|0x0000000715700000, 0x0000000715800000, 0x0000000715800000|100%| E|CS|TAMS 0x0000000715700000, 0x0000000715700000| Complete 

Card table byte_map: [0x00000251621b0000,0x0000025162990000] _byte_map_base: 0x000002515e982000

Marking Bits (Prev, Next): (CMBitMap*) 0x00000251480c18f8, (CMBitMap*) 0x00000251480c1930
 Prev Bits: [0x0000025163170000, 0x0000025167000000)
 Next Bits: [0x0000025167000000, 0x000002516ae90000)

Polling page: 0x0000025148140000

Metaspace:

Usage:
  Non-class:      9.31 MB capacity,     9.15 MB ( 98%) used,   147.26 KB (  2%) free+waste,    11.13 KB ( <1%) overhead. 
      Class:    994.00 KB capacity,   924.42 KB ( 93%) used,    64.95 KB (  7%) free+waste,     4.63 KB ( <1%) overhead. 
       Both:     10.28 MB capacity,    10.06 MB ( 98%) used,   212.21 KB (  2%) free+waste,    15.75 KB ( <1%) overhead. 

Virtual space:
  Non-class space:       10.00 MB reserved,       9.50 MB ( 95%) committed 
      Class space:        1.00 GB reserved,       1.00 MB ( <1%) committed 
             Both:        1.01 GB reserved,      10.50 MB (  1%) committed 

Chunk freelists:
   Non-Class:  4.00 KB
       Class:  30.00 KB
        Both:  34.00 KB

MaxMetaspaceSize: 17179869184.00 GB
CompressedClassSpaceSize: 1.00 GB

CodeHeap 'non-profiled nmethods': size=120000Kb used=147Kb max_used=147Kb free=119852Kb
 bounds [0x0000025159a40000, 0x0000025159cb0000, 0x0000025160f70000]
CodeHeap 'profiled nmethods': size=120000Kb used=708Kb max_used=708Kb free=119291Kb
 bounds [0x0000025152510000, 0x0000025152780000, 0x0000025159a40000]
CodeHeap 'non-nmethods': size=5760Kb used=1164Kb max_used=1182Kb free=4595Kb
 bounds [0x0000025151f70000, 0x00000251521e0000, 0x0000025152510000]
 total_blobs=857 nmethods=475 adapters=302
 compilation: enabled
              stopped_count=0, restarted_count=0
 full_count=0

Compilation events (20 events):
Event: 4.918 Thread 0x000002516e31c800  463       4       java.lang.String::hashCode (49 bytes)
Event: 4.919 Thread 0x000002516e316000 nmethod 468 0x00000251525bf510 code [0x00000251525bf780, 0x00000251525c05f8]
Event: 4.919 Thread 0x000002516e316000  469       3       java.util.concurrent.ConcurrentHashMap$BaseIterator::hasNext (13 bytes)
Event: 4.919 Thread 0x000002516e316000 nmethod 469 0x00000251525c0910 code [0x00000251525c0ac0, 0x00000251525c0c18]
Event: 4.925 Thread 0x000002516e31c800 nmethod 463 0x0000025159a5ff90 code [0x0000025159a60140, 0x0000025159a603a8]
Event: 4.925 Thread 0x000002516e31c800  466       4       java.lang.AbstractStringBuilder::ensureCapacityInternal (39 bytes)
Event: 4.931 Thread 0x000002516e31c800 nmethod 466 0x0000025159a60510 code [0x0000025159a606c0, 0x0000025159a60a98]
Event: 4.931 Thread 0x000002516e31c800  470       4       java.lang.StringBuilder::append (8 bytes)
Event: 4.938 Thread 0x000002516e31c800 nmethod 470 0x0000025159a60c90 code [0x0000025159a60e40, 0x0000025159a613d8]
Event: 4.938 Thread 0x000002516e31c800  471       4       java.lang.AbstractStringBuilder::append (77 bytes)
Event: 4.945 Thread 0x000002516e31c800 nmethod 471 0x0000025159a61690 code [0x0000025159a61840, 0x0000025159a61d38]
Event: 4.960 Thread 0x000002516e300000 nmethod 462 0x0000025159a62010 code [0x0000025159a62240, 0x0000025159a63af0]
Event: 366.517 Thread 0x000002516e316000  472       1       sun.instrument.TransformerManager::getSnapshotTransformerList (5 bytes)
Event: 366.517 Thread 0x000002516e316000 nmethod 472 0x0000025159a64310 code [0x0000025159a644c0, 0x0000025159a64578]
Event: 416.524 Thread 0x000002516e316000  473       1       sun.instrument.TransformerManager$TransformerInfo::transformer (5 bytes)
Event: 416.524 Thread 0x000002516e316000 nmethod 473 0x0000025159a64610 code [0x0000025159a647c0, 0x0000025159a64878]
Event: 437.036 Thread 0x000002516e316000  474       3       org.eclipse.jdt.launching.internal.org.objectweb.asm.ByteVector::putShort (52 bytes)
Event: 437.038 Thread 0x000002516e316000 nmethod 474 0x00000251525c0c90 code [0x00000251525c0e60, 0x00000251525c1068]
Event: 469.969 Thread 0x000002516e300000  475       4       org.eclipse.jdt.launching.internal.org.objectweb.asm.ClassReader::getItem (7 bytes)
Event: 469.972 Thread 0x000002516e300000 nmethod 475 0x0000025159a64910 code [0x0000025159a64aa0, 0x0000025159a64b78]

GC Heap History (0 events):
No events

Deoptimization events (20 events):
Event: 0.250 Thread 0x0000025148060000 Uncommon trap: trap_request=0xffffff4d fr.pc=0x0000025159a4cbc8 relative=0x0000000000001048
Event: 0.250 Thread 0x0000025148060000 Uncommon trap: reason=unstable_if action=reinterpret pc=0x0000025159a4cbc8 method=java.util.HashMap.putVal(ILjava/lang/Object;Ljava/lang/Object;ZZ)Ljava/lang/Object; @ 181 c2
Event: 0.250 Thread 0x0000025148060000 DEOPT PACKING pc=0x0000025159a4cbc8 sp=0x0000007377dfe4f0
Event: 0.250 Thread 0x0000025148060000 DEOPT UNPACKING pc=0x0000025151fabe2f sp=0x0000007377dfe4a0 mode 2
Event: 0.337 Thread 0x0000025148060000 DEOPT PACKING pc=0x0000025152586958 sp=0x0000007377dfc7c0
Event: 0.337 Thread 0x0000025148060000 DEOPT UNPACKING pc=0x0000025151fabc4e sp=0x0000007377dfbc88 mode 0
Event: 0.337 Thread 0x0000025148060000 DEOPT PACKING pc=0x0000025152586958 sp=0x0000007377dfc7c0
Event: 0.337 Thread 0x0000025148060000 DEOPT UNPACKING pc=0x0000025151fabc4e sp=0x0000007377dfbc88 mode 0
Event: 0.338 Thread 0x0000025148060000 DEOPT PACKING pc=0x0000025152586958 sp=0x0000007377dfb3f0
Event: 0.338 Thread 0x0000025148060000 DEOPT UNPACKING pc=0x0000025151fabc4e sp=0x0000007377dfa8b8 mode 0
Event: 0.340 Thread 0x0000025148060000 Uncommon trap: trap_request=0xffffff4d fr.pc=0x0000025159a495b8 relative=0x0000000000000218
Event: 0.340 Thread 0x0000025148060000 Uncommon trap: reason=unstable_if action=reinterpret pc=0x0000025159a495b8 method=java.lang.String.hashCode()I @ 22 c2
Event: 0.340 Thread 0x0000025148060000 DEOPT PACKING pc=0x0000025159a495b8 sp=0x0000007377dfd7a0
Event: 0.340 Thread 0x0000025148060000 DEOPT UNPACKING pc=0x0000025151fabe2f sp=0x0000007377dfd740 mode 2
Event: 0.345 Thread 0x0000025148060000 DEOPT PACKING pc=0x0000025152586958 sp=0x0000007377dfb060
Event: 0.345 Thread 0x0000025148060000 DEOPT UNPACKING pc=0x0000025151fabc4e sp=0x0000007377dfa528 mode 0
Event: 0.345 Thread 0x0000025148060000 DEOPT PACKING pc=0x0000025152586958 sp=0x0000007377dfb060
Event: 0.345 Thread 0x0000025148060000 DEOPT UNPACKING pc=0x0000025151fabc4e sp=0x0000007377dfa528 mode 0
Event: 0.346 Thread 0x0000025148060000 DEOPT PACKING pc=0x0000025152586958 sp=0x0000007377dfb060
Event: 0.346 Thread 0x0000025148060000 DEOPT UNPACKING pc=0x0000025151fabc4e sp=0x0000007377dfa528 mode 0

Classes redefined (4 events):
Event: 366.519 Thread 0x000002516d9e6000 redefined class name=ensyu07_27.Ensyu07_27, count=1
Event: 416.526 Thread 0x000002516d9e6000 redefined class name=ensyu07_27.Ensyu07_27, count=2
Event: 437.038 Thread 0x000002516d9e6000 redefined class name=ensyu07_27.Ensyu07_27, count=3
Event: 469.971 Thread 0x000002516d9e6000 redefined class name=ensyu07_27.Ensyu07_27, count=4

Internal exceptions (3 events):
Event: 0.106 Thread 0x0000025148060000 Exception <a 'java/lang/NoSuchMethodError'{0x0000000715648d78}: 'int java.lang.invoke.DirectMethodHandle$Holder.invokeSpecial(java.lang.Object, java.lang.Object, java.lang.Object, java.lang.Object)'> (0x0000000715648d78) thrown at [./src/hotspot/share/interpreter/linkResolver.cpp, line 773]
Event: 0.108 Thread 0x0000025148060000 Exception <a 'java/lang/NoSuchMethodError'{0x0000000715651160}: 'void java.lang.invoke.DirectMethodHandle$Holder.invokeVirtual(java.lang.Object, java.lang.Object)'> (0x0000000715651160) thrown at [./src/hotspot/share/interpreter/linkResolver.cpp, line 773]
Event: 0.354 Thread 0x0000025148060000 Exception <a 'java/lang/NoSuchMethodError'{0x00000007152cdb38}: 'int java.lang.invoke.DirectMethodHandle$Holder.invokeSpecialIFC(java.lang.Object, java.lang.Object, int)'> (0x00000007152cdb38) thrown at [./src/hotspot/share/interpreter/linkResolver.cpp, line 773]

Events (20 events):
Event: 469.977 Executing VM operation: ChangeBreakpoints
Event: 469.977 Executing VM operation: ChangeBreakpoints done
Event: 469.982 Executing VM operation: ChangeBreakpoints
Event: 469.982 Executing VM operation: ChangeBreakpoints done
Event: 469.983 Executing VM operation: GetFrameCount
Event: 469.983 Executing VM operation: GetFrameCount done
Event: 469.983 Executing VM operation: GetStackTrace
Event: 469.983 Executing VM operation: GetStackTrace done
Event: 469.984 Executing VM operation: GetFrameCount
Event: 469.984 Executing VM operation: GetFrameCount done
Event: 469.984 Executing VM operation: SetFramePop
Event: 469.984 Executing VM operation: SetFramePop done
Event: 469.984 Executing VM operation: GetFrameLocation
Event: 469.984 Executing VM operation: GetFrameLocation done
Event: 469.984 Executing VM operation: GetCurrentLocation
Event: 469.984 Executing VM operation: GetCurrentLocation done
Event: 469.984 Executing VM operation: ChangeSingleStep
Event: 469.984 Executing VM operation: ChangeSingleStep done
Event: 469.984 Executing VM operation: GetFrameLocation
Event: 469.984 Executing VM operation: GetFrameLocation done


Dynamic libraries:
0x00007ff6354b0000 - 0x00007ff6354bd000 	C:\pleiades\java\11\bin\javaw.exe
0x00007ffcc0e10000 - 0x00007ffcc1005000 	C:\WINDOWS\SYSTEM32\ntdll.dll
0x00007ffcbf5f0000 - 0x00007ffcbf6ae000 	C:\WINDOWS\System32\KERNEL32.DLL
0x00007ffcbe750000 - 0x00007ffcbea18000 	C:\WINDOWS\System32\KERNELBASE.dll
0x00007ffcbed60000 - 0x00007ffcbee60000 	C:\WINDOWS\System32\ucrtbase.dll
0x00007ffcb7fa0000 - 0x00007ffcb7fb5000 	C:\pleiades\java\11\bin\VCRUNTIME140.dll
0x00007ffcb7f80000 - 0x00007ffcb7f97000 	C:\pleiades\java\11\bin\jli.dll
0x00007ffcbfab0000 - 0x00007ffcbfc50000 	C:\WINDOWS\System32\USER32.dll
0x00007ffcab970000 - 0x00007ffcabc0a000 	C:\WINDOWS\WinSxS\amd64_microsoft.windows.common-controls_6595b64144ccf1df_6.0.19041.1110_none_60b5254171f9507e\COMCTL32.dll
0x00007ffcbe520000 - 0x00007ffcbe542000 	C:\WINDOWS\System32\win32u.dll
0x00007ffcbf3a0000 - 0x00007ffcbf43e000 	C:\WINDOWS\System32\msvcrt.dll
0x00007ffcbf790000 - 0x00007ffcbf7bb000 	C:\WINDOWS\System32\GDI32.dll
0x00007ffcbe550000 - 0x00007ffcbe65d000 	C:\WINDOWS\System32\gdi32full.dll
0x00007ffcbe6b0000 - 0x00007ffcbe74d000 	C:\WINDOWS\System32\msvcp_win.dll
0x00007ffcbf290000 - 0x00007ffcbf2c0000 	C:\WINDOWS\System32\IMM32.DLL
0x00007ffcb7ee0000 - 0x00007ffcb7f7b000 	C:\pleiades\java\11\bin\msvcp140.dll
0x00007ffc63df0000 - 0x00007ffc64933000 	C:\pleiades\java\11\bin\server\jvm.dll
0x00007ffcbee60000 - 0x00007ffcbef0e000 	C:\WINDOWS\System32\ADVAPI32.dll
0x00007ffcc0cd0000 - 0x00007ffcc0d6c000 	C:\WINDOWS\System32\sechost.dll
0x00007ffcbf160000 - 0x00007ffcbf285000 	C:\WINDOWS\System32\RPCRT4.dll
0x00007ffcbfaa0000 - 0x00007ffcbfaa8000 	C:\WINDOWS\System32\PSAPI.DLL
0x00007ffca8300000 - 0x00007ffca8309000 	C:\WINDOWS\SYSTEM32\WSOCK32.dll
0x00007ffcb5760000 - 0x00007ffcb576a000 	C:\WINDOWS\SYSTEM32\VERSION.dll
0x00007ffcadb60000 - 0x00007ffcadb87000 	C:\WINDOWS\SYSTEM32\WINMM.dll
0x00007ffcbf4a0000 - 0x00007ffcbf50b000 	C:\WINDOWS\System32\WS2_32.dll
0x00007ffcbcda0000 - 0x00007ffcbcdb2000 	C:\WINDOWS\SYSTEM32\kernel.appcore.dll
0x00007ffcbb220000 - 0x00007ffcbb230000 	C:\pleiades\java\11\bin\verify.dll
0x00007ffca8360000 - 0x00007ffca8544000 	C:\WINDOWS\SYSTEM32\DBGHELP.DLL
0x00007ffca7460000 - 0x00007ffca748c000 	C:\WINDOWS\SYSTEM32\dbgcore.DLL
0x00007ffcbea20000 - 0x00007ffcbeaa2000 	C:\WINDOWS\System32\bcryptPrimitives.dll
0x00007ffcb7eb0000 - 0x00007ffcb7ed8000 	C:\pleiades\java\11\bin\java.dll
0x00007ffcbb1c0000 - 0x00007ffcbb1ca000 	C:\pleiades\java\11\bin\jimage.dll
0x00007ffcb7e70000 - 0x00007ffcb7ea8000 	C:\pleiades\java\11\bin\jdwp.dll
0x00007ffcb9600000 - 0x00007ffcb960e000 	C:\pleiades\java\11\bin\instrument.dll
0x00007ffcb7e50000 - 0x00007ffcb7e67000 	C:\pleiades\java\11\bin\zip.dll
0x00007ffcc0570000 - 0x00007ffcc0cb4000 	C:\WINDOWS\System32\SHELL32.dll
0x00007ffcbc1a0000 - 0x00007ffcbc934000 	C:\WINDOWS\SYSTEM32\windows.storage.dll
0x00007ffcbfc50000 - 0x00007ffcbffa5000 	C:\WINDOWS\System32\combase.dll
0x00007ffcbdf70000 - 0x00007ffcbdf9e000 	C:\WINDOWS\SYSTEM32\Wldp.dll
0x00007ffcbefc0000 - 0x00007ffcbf06d000 	C:\WINDOWS\System32\SHCORE.dll
0x00007ffcc0d70000 - 0x00007ffcc0dc5000 	C:\WINDOWS\System32\shlwapi.dll
0x00007ffcbe460000 - 0x00007ffcbe47f000 	C:\WINDOWS\SYSTEM32\profapi.dll
0x00007ffcb7e30000 - 0x00007ffcb7e49000 	C:\pleiades\java\11\bin\net.dll
0x00007ffcacaf0000 - 0x00007ffcacbfc000 	C:\WINDOWS\SYSTEM32\WINHTTP.dll
0x00007ffcbdcd0000 - 0x00007ffcbdd3a000 	C:\WINDOWS\system32\mswsock.dll
0x00007ffcb7e10000 - 0x00007ffcb7e22000 	C:\pleiades\java\11\bin\nio.dll
0x00007ffcb7e00000 - 0x00007ffcb7e0a000 	C:\pleiades\java\11\bin\dt_socket.dll
0x00007ffcbd9c0000 - 0x00007ffcbda8b000 	C:\WINDOWS\SYSTEM32\DNSAPI.dll
0x00007ffcbd970000 - 0x00007ffcbd9ab000 	C:\WINDOWS\SYSTEM32\IPHLPAPI.DLL
0x00007ffcbf390000 - 0x00007ffcbf398000 	C:\WINDOWS\System32\NSI.dll
0x00007ffcac5a0000 - 0x00007ffcac61f000 	C:\WINDOWS\System32\fwpuclnt.dll
0x00007ffcbecc0000 - 0x00007ffcbece7000 	C:\WINDOWS\System32\bcrypt.dll
0x00007ffcac280000 - 0x00007ffcac28a000 	C:\Windows\System32\rasadhlp.dll

dbghelp: loaded successfully - version: 4.0.5 - missing functions: none
symbol engine: initialized successfully - sym options: 0x614 - pdb path: .;C:\pleiades\java\11\bin;C:\WINDOWS\SYSTEM32;C:\WINDOWS\WinSxS\amd64_microsoft.windows.common-controls_6595b64144ccf1df_6.0.19041.1110_none_60b5254171f9507e;C:\pleiades\java\11\bin\server

VM Arguments:
jvm_args: -agentlib:jdwp=transport=dt_socket,suspend=y,address=localhost:57051 -javaagent:C:\pleiades\eclipse\configuration\org.eclipse.osgi\405\0\.cp\lib\javaagent-shaded.jar -Dfile.encoding=UTF-8 --module-path=C:\repository\meikai_java_shidana\ensyu07_27\bin -Djdk.module.main=ensyu07_27 
java_command: ensyu07_27/ensyu07_27.Ensyu07_27
java_class_path (initial): <not set>
Launcher Type: SUN_STANDARD

[Global flags]
     intx CICompilerCount                          = 4                                         {product} {ergonomic}
     uint ConcGCThreads                            = 2                                         {product} {ergonomic}
     uint G1ConcRefinementThreads                  = 8                                         {product} {ergonomic}
   size_t G1HeapRegionSize                         = 1048576                                   {product} {ergonomic}
    uintx GCDrainStackTargetSize                   = 64                                        {product} {ergonomic}
   size_t InitialHeapSize                          = 264241152                                 {product} {ergonomic}
   size_t MarkStackSize                            = 4194304                                   {product} {ergonomic}
   size_t MaxHeapSize                              = 4198498304                                {product} {ergonomic}
   size_t MaxNewSize                               = 2518679552                                {product} {ergonomic}
   size_t MinHeapDeltaBytes                        = 1048576                                   {product} {ergonomic}
    uintx NonNMethodCodeHeapSize                   = 5836300                                {pd product} {ergonomic}
    uintx NonProfiledCodeHeapSize                  = 122910970                              {pd product} {ergonomic}
    uintx ProfiledCodeHeapSize                     = 122910970                              {pd product} {ergonomic}
    uintx ReservedCodeCacheSize                    = 251658240                              {pd product} {ergonomic}
     bool SegmentedCodeCache                       = true                                      {product} {ergonomic}
     bool UseCompressedClassPointers               = true                                 {lp64_product} {ergonomic}
     bool UseCompressedOops                        = true                                 {lp64_product} {ergonomic}
     bool UseG1GC                                  = true                                      {product} {ergonomic}
     bool UseLargePagesIndividualAllocation        = false                                  {pd product} {ergonomic}

Logging:
Log output configuration:
 #0: stdout all=warning uptime,level,tags
 #1: stderr all=off uptime,level,tags

Environment Variables:
PATH=C:/pleiades/eclipse//jre/bin/server;C:/pleiades/eclipse//jre/bin;C:\Program Files (x86)\Common Files\Oracle\Java\javapath;C:\python\Scripts\;C:\python\;C:\Program Files (x86)\Intel\iCLS Client\;C:\Program Files\Intel\iCLS Client\;C:\WINDOWS\system32;C:\WINDOWS;C:\WINDOWS\System32\Wbem;C:\WINDOWS\System32\WindowsPowerShell\v1.0\;C:\Program Files\Intel\Intel(R) Management Engine Components\DAL;C:\Program Files\Intel\Intel(R) Management Engine Components\IPT;C:\Program Files (x86)\Intel\Intel(R) Management Engine Components\DAL;C:\Program Files (x86)\Intel\Intel(R) Management Engine Components\IPT;C:\Program Files\Lenovo\Fingerprint Manager Pro\;C:\Program Files (x86)\Common Files\Lenovo;C:\Program Files (x86)\Common Files\lenovo\easyplussdk\bin;C:\ProgramData\Lenovo\ReadyApps;C:\WINDOWS\System32\OpenSSH\;C:\Program Files\Intel\WiFi\bin\;C:\Program Files\Common Files\Intel\WirelessCommon\;C:\Program Files\TortoiseGit\bin;C:\Program Files\dotnet\;C:\bin;C:\CMake\bin;C:\HashiCorp\Vagrant\bin;C:\Users\ƒVƒXƒeƒ€ŠJ”­•”\AppData\Local\Microsoft\WindowsApps;;C:\pleiades\eclipse;
USERNAME=ƒVƒXƒeƒ€ŠJ”­•”
OS=Windows_NT
PROCESSOR_IDENTIFIER=Intel64 Family 6 Model 60 Stepping 3, GenuineIntel



---------------  S Y S T E M  ---------------

OS: Windows 10 , 64 bit Build 19041 (10.0.19041.1503)
OS uptime: 6 days 2:03 hours

CPU:total 8 (initial active 8) (4 cores per cpu, 2 threads per core) family 6 model 60 stepping 3, cmov, cx8, fxsr, mmx, sse, sse2, sse3, ssse3, sse4.1, sse4.2, popcnt, avx, avx2, aes, clmul, erms, lzcnt, ht, tsc, tscinvbit, bmi1, bmi2, fma

Memory: 4k page, system-wide physical 16009M (9159M free)
TotalPageFile size 32393M (AvailPageFile size 24582M)
current process WorkingSet (physical memory assigned to process): 53M, peak: 56M
current process commit charge ("private bytes"): 341M, peak: 344M

vm_info: OpenJDK 64-Bit Server VM (11.0.9+11) for windows-amd64 JRE (11.0.9+11), built on Oct 24 2020 15:15:35 by "" with MS VC++ 15.9 (VS2017)

END.
